\BOOKMARK [0][-]{section*.7}{\376\377\000\332\000v\000o\000d}{}% 1
\BOOKMARK [0][-]{section*.10}{\376\377\000C\000\355\000l\000e\000\040\000p\000r\000\341\000c\000e}{}% 2
\BOOKMARK [0][-]{chapter.11}{\376\377\000T\000e\000o\000r\000e\000t\000i\000c\000k\000\341\000\040\001\015\000\341\000s\000t\000\040\000s\000t\000u\000d\000e\000n\000t\000s\000k\000\351\000\040\000p\000r\000\341\000c\000e}{}% 3
\BOOKMARK [1][-]{section.12}{\376\377\000P\000o\000r\000o\000v\000n\000\341\000n\000\355\000\040\000n\000a\000v\000i\000g\000a\001\015\000n\000\355\000c\000h\000\040\000s\000y\000s\000t\000\351\000m\001\157}{chapter.11}% 4
\BOOKMARK [0][-]{chapter.13}{\376\377\000V\000\375\000s\000l\000e\000d\000k\000y\000\040\000s\000t\000u\000d\000e\000n\000t\000s\000k\000\351\000\040\000p\000r\000\341\000c\000e}{}% 5
\BOOKMARK [1][-]{section.14}{\376\377\000H\000a\000r\000d\000w\000a\000r\000e\000\040\000i\000n\000e\000r\000c\000i\000\341\000l\000n\000\355\000\040\000j\000e\000d\000n\000o\000t\000k\000y}{chapter.13}% 6
\BOOKMARK [2][-]{subsection.16}{\376\377\000A\000k\000c\000e\000l\000e\000r\000o\000m\000e\000t\000r\000\040\000a\000\040\000g\000y\000r\000o\000s\000k\000o\000p}{section.14}% 7
\BOOKMARK [2][-]{subsection.23}{\376\377\000M\000a\000g\000n\000e\000t\000o\000m\000e\000t\000r}{section.14}% 8
\BOOKMARK [2][-]{subsection.24}{\376\377\000G\000N\000S\000S}{section.14}% 9
\BOOKMARK [2][-]{subsection.26}{\376\377\000P\000a\000m\001\033\001\145}{section.14}% 10
\BOOKMARK [2][-]{subsection.28}{\376\377\000U\001\176\000i\000v\000a\000t\000e\000l\000s\000k\000\351\000\040\000r\000o\000z\000h\000r\000a\000n\000\355}{section.14}% 11
\BOOKMARK [2][-]{subsection.30}{\376\377\000N\000a\000p\000\341\000j\000e\000n\000\355}{section.14}% 12
\BOOKMARK [2][-]{subsection.31}{\376\377\000H\000l\000a\000v\000n\000\355\000\040\000p\000r\000o\000c\000e\000s\000o\000r}{section.14}% 13
\BOOKMARK [2][-]{subsection.33}{\376\377\000E\000S\000P\0003\0002}{section.14}% 14
\BOOKMARK [0][-]{section*.35}{\376\377\000Z\000\341\000v\001\033\000r}{}% 15
\BOOKMARK [0][-]{section*.37}{\376\377\000L\000i\000t\000e\000r\000a\000t\000u\000r\000a}{}% 16
\BOOKMARK [0][-]{section*.39}{\376\377\000S\000e\000z\000n\000a\000m\000\040\000s\000y\000m\000b\000o\000l\001\157\000\040\000a\000\040\000z\000k\000r\000a\000t\000e\000k}{}% 17
\BOOKMARK [0][-]{section*.41}{\376\377\000S\000e\000z\000n\000a\000m\000\040\000p\001\131\000\355\000l\000o\000h}{}% 18
\BOOKMARK [0][-]{chapter.42}{\376\377\000S\000c\000h\000\351\000m\000a\000\040\000z\000a\000p\000o\000j\000e\000n\000\355\000\040\000i\000n\000e\000r\000c\000i\000\341\000l\000n\000\355\000\040\000j\000e\000d\000n\000o\000t\000k\000y\000\040}{}% 19
\BOOKMARK [0][-]{chapter.43}{\376\377\000P\000o\000h\000l\000e\000d\000\040\000o\000s\000a\000z\000e\000n\000\355\000\040\000s\000o\000u\001\015\000\341\000s\000t\000e\000k\000\040}{}% 20
\BOOKMARK [0][-]{chapter.44}{\376\377\000V\000r\000c\000h\000n\000\355\000\040\000v\000r\000s\000t\000v\000a\000\040\000m\001\033\000d\000i\000\040\000D\000P\000S\000\040}{}% 21
\BOOKMARK [0][-]{chapter.45}{\376\377\000V\000n\000i\000t\001\131\000n\000\355\000\040\000v\000r\000s\000t\000v\000a\000\040\000m\001\033\000d\000i\000\040\000D\000P\000S\000\040\000I\000n\0001\000\040}{}% 22
\BOOKMARK [0][-]{chapter.46}{\376\377\000V\000n\000i\000t\001\131\000n\000\355\000\040\000v\000r\000s\000t\000v\000a\000\040\000m\001\033\000d\000i\000\040\000D\000P\000S\000\040\000I\000n\0002\000\040}{}% 23
\BOOKMARK [0][-]{chapter.47}{\376\377\000S\000p\000o\000d\000n\000\355\000\040\000v\000r\000s\000t\000v\000a\000\040\000m\001\033\000d\000i\000\040\000D\000P\000S\000\040}{}% 24
